  pch.cpp
  UnitTest6.1 ін.cpp
     Creating library D:\LAB6.1 ін\Project1\x64\Debug\UnitTest6.1 ін.lib and object D:\LAB6.1 ін\Project1\x64\Debug\UnitTest6.1 ін.exp
LINK : warning LNK4232: name UnitTest6.1 ін.dll contains non-ASCII characters, DLL may not load on system with ANSI codepage other than 1251
UnitTest6.1 ін.obj : error LNK2019: unresolved external symbol "int __cdecl countElements(int * const,int)" (?countElements@@YAHQEAHH@Z) referenced in function "public: void __cdecl UnitTestArray::UnitTestArray::TestCountElements(void)" (?TestCountElements@UnitTestArray@1@QEAAXXZ)
UnitTest6.1 ін.obj : error LNK2019: unresolved external symbol "int __cdecl sumElements(int * const,int)" (?sumElements@@YAHQEAHH@Z) referenced in function "public: void __cdecl UnitTestArray::UnitTestArray::TestSumElements(void)" (?TestSumElements@UnitTestArray@1@QEAAXXZ)
UnitTest6.1 ін.obj : error LNK2019: unresolved external symbol "void __cdecl zeroElements(int * const,int)" (?zeroElements@@YAXQEAHH@Z) referenced in function "public: void __cdecl UnitTestArray::UnitTestArray::TestZeroElements(void)" (?TestZeroElements@UnitTestArray@1@QEAAXXZ)
D:\LAB6.1 ін\Project1\x64\Debug\UnitTest6.1 ін.dll : fatal error LNK1120: 3 unresolved externals
